<?xml version="1.0" encoding="UTF-8"?>
<!-- Generated by org.testng.reporters.JUnitReportReporter -->
<testsuite hostname="DESKTOP-L4HPMBD" name="Accademy.ValidateNavigationBar" tests="1" failures="0" timestamp="10 Aug 2019 22:48:07 GMT" time="0.707" errors="0">
  <testcase name="validateNavigationBarPresence" time="0.707" classname="Accademy.ValidateNavigationBar"/>
</testsuite> <!-- Accademy.ValidateNavigationBar -->
