<?xml version="1.0" encoding="UTF-8"?>
<!-- Generated by org.testng.reporters.JUnitReportReporter -->
<testsuite hostname="DESKTOP-L4HPMBD" name="Accademy.ValidateNavigationBar" tests="1" failures="0" timestamp="10 Aug 2019 23:11:40 GMT" time="0.487" errors="0">
  <testcase name="validateNavigationBarPresence" time="0.487" classname="Accademy.ValidateNavigationBar"/>
</testsuite> <!-- Accademy.ValidateNavigationBar -->
