<?xml version="1.0" encoding="UTF-8"?>
<!-- Generated by org.testng.reporters.JUnitReportReporter -->
<testsuite hostname="DESKTOP-L4HPMBD" name="Accademy.HomePage" tests="2" failures="0" timestamp="10 Aug 2019 23:11:40 GMT" time="4.916" errors="0">
  <testcase name="homePageNavigation" time="3.928" classname="Accademy.HomePage"/>
  <testcase name="homePageNavigation" time="0.988" classname="Accademy.HomePage"/>
</testsuite> <!-- Accademy.HomePage -->
